<?xml version="1.0" encoding="UTF-8"?>
<!-- Generated by org.testng.reporters.JUnitReportReporter -->
<testsuite hostname="DESKTOP-8CTCSTI" failures="0" tests="2" name="com.mystore.testcases.HomePageTest" time="35.199" errors="0" timestamp="2022-03-17T09:51:49 IST" skipped="0">
  <testcase classname="com.mystore.testcases.HomePageTest" name="wishlisttest" time="18.511"/>
  <system-out/>
  <testcase classname="com.mystore.testcases.HomePageTest" name="orderHistoryAndDetailsTest" time="16.688"/>
  <system-out/>
</testsuite> <!-- com.mystore.testcases.HomePageTest -->
