<?xml version="1.0" encoding="UTF-8"?>
<!-- Generated by org.testng.reporters.JUnitReportReporter -->
<testsuite hostname="DESKTOP-8CTCSTI" failures="0" tests="1" name="com.mystore.testcases.EndToEndTest" time="55.752" errors="0" timestamp="2022-03-17T10:29:14 IST" skipped="0">
  <testcase classname="com.mystore.testcases.EndToEndTest" name="endToEndTest" time="55.752"/>
  <system-out/>
</testsuite> <!-- com.mystore.testcases.EndToEndTest -->
