<?xml version="1.0" encoding="UTF-8"?>
<!-- Generated by org.testng.reporters.JUnitReportReporter -->
<testsuite hostname="DESKTOP-8CTCSTI" failures="0" tests="2" name="com.mystore.testcases.HomePageTest" time="49.553" errors="0" timestamp="2022-03-18T00:27:35 IST" skipped="0">
  <testcase classname="com.mystore.testcases.HomePageTest" name="orderHistoryAndDetailsTest" time="18.529"/>
  <system-out/>
  <testcase classname="com.mystore.testcases.HomePageTest" name="wishlisttest" time="31.024"/>
  <system-out/>
</testsuite> <!-- com.mystore.testcases.HomePageTest -->
