<?xml version="1.0" encoding="UTF-8"?>
<!-- Generated by org.testng.reporters.JUnitReportReporter -->
<testsuite hostname="DESKTOP-8CTCSTI" failures="0" tests="1" name="com.mystore.testcases.AddToCartPageTest" time="30.170" errors="0" timestamp="2022-03-17T20:45:10 IST" skipped="0">
  <testcase classname="com.mystore.testcases.AddToCartPageTest" name="addToCartTest" time="30.170"/>
  <system-out/>
</testsuite> <!-- com.mystore.testcases.AddToCartPageTest -->
