<?xml version="1.0" encoding="UTF-8"?>
<!-- Generated by org.testng.reporters.JUnitReportReporter -->
<testsuite hostname="DESKTOP-8CTCSTI" failures="0" tests="1" name="com.mystore.testcases.SearchResultPageTest" time="20.909" errors="0" timestamp="2022-03-18T00:06:38 IST" skipped="0">
  <testcase classname="com.mystore.testcases.SearchResultPageTest" name="productAvailabilityTest" time="20.909"/>
  <system-out/>
</testsuite> <!-- com.mystore.testcases.SearchResultPageTest -->
