<?xml version="1.0" encoding="UTF-8"?>
<!-- Generated by org.testng.reporters.JUnitReportReporter -->
<testsuite hostname="DESKTOP-8CTCSTI" failures="0" tests="1" name="com.mystore.testcases.accountCreationPageTest" time="22.125" errors="0" timestamp="2022-03-17T20:45:10 IST" skipped="0">
  <testcase classname="com.mystore.testcases.accountCreationPageTest" name="verifyCreateAccountTest" time="22.125"/>
  <system-out>
TC PASS  </system-out>
</testsuite> <!-- com.mystore.testcases.accountCreationPageTest -->
